<?xml version="1.0" ?>
<coverage branch-rate="0" branches-covered="0" branches-valid="0" complexity="0" line-rate="0.7101" lines-covered="98" lines-valid="138" timestamp="1538138247401" version="4.5.1">
	<!-- Generated by coverage.py: https://coverage.readthedocs.io -->
	<!-- Based on https://raw.githubusercontent.com/cobertura/web/master/htdocs/xml/coverage-04.dtd -->
	<sources>
		<source>/Users/ananda/org/ananda/github/python-boilerplate-package/monitor</source>
	</sources>
	<packages>
		<package branch-rate="0" complexity="0" line-rate="0.7143" name=".">
			<classes>
				<class branch-rate="0" complexity="0" filename="__init__.py" line-rate="1" name="__init__.py">
					<methods/>
					<lines/>
				</class>
				<class branch-rate="0" complexity="0" filename="event.py" line-rate="0.5676" name="event.py">
					<methods/>
					<lines>
						<line hits="1" number="7"/>
						<line hits="1" number="9"/>
						<line hits="1" number="14"/>
						<line hits="0" number="18"/>
						<line hits="0" number="19"/>
						<line hits="1" number="21"/>
						<line hits="0" number="26"/>
						<line hits="1" number="28"/>
						<line hits="0" number="33"/>
						<line hits="1" number="36"/>
						<line hits="1" number="41"/>
						<line hits="1" number="42"/>
						<line hits="1" number="44"/>
						<line hits="0" number="48"/>
						<line hits="1" number="50"/>
						<line hits="1" number="55"/>
						<line hits="0" number="56"/>
						<line hits="1" number="58"/>
						<line hits="1" number="60"/>
						<line hits="0" number="65"/>
						<line hits="0" number="66"/>
						<line hits="0" number="68"/>
						<line hits="0" number="69"/>
						<line hits="1" number="71"/>
						<line hits="1" number="78"/>
						<line hits="1" number="79"/>
						<line hits="1" number="81"/>
						<line hits="1" number="83"/>
						<line hits="1" number="85"/>
						<line hits="0" number="90"/>
						<line hits="0" number="91"/>
						<line hits="0" number="93"/>
						<line hits="0" number="95"/>
						<line hits="0" number="99"/>
						<line hits="0" number="101"/>
						<line hits="1" number="104"/>
						<line hits="1" number="106"/>
					</lines>
				</class>
				<class branch-rate="0" complexity="0" filename="monitor.py" line-rate="1" name="monitor.py">
					<methods/>
					<lines>
						<line hits="1" number="1"/>
						<line hits="1" number="3"/>
						<line hits="1" number="4"/>
						<line hits="1" number="6"/>
						<line hits="1" number="7"/>
						<line hits="1" number="9"/>
						<line hits="1" number="10"/>
						<line hits="1" number="11"/>
						<line hits="1" number="13"/>
						<line hits="1" number="14"/>
						<line hits="1" number="18"/>
						<line hits="1" number="22"/>
						<line hits="1" number="24"/>
						<line hits="1" number="25"/>
						<line hits="1" number="27"/>
						<line hits="1" number="29"/>
						<line hits="1" number="31"/>
						<line hits="1" number="36"/>
						<line hits="1" number="37"/>
					</lines>
				</class>
				<class branch-rate="0" complexity="0" filename="monitor_listener.py" line-rate="0.6" name="monitor_listener.py">
					<methods/>
					<lines>
						<line hits="1" number="1"/>
						<line hits="1" number="2"/>
						<line hits="0" number="3"/>
						<line hits="1" number="5"/>
						<line hits="0" number="6"/>
					</lines>
				</class>
				<class branch-rate="0" complexity="0" filename="operation.py" line-rate="0.8462" name="operation.py">
					<methods/>
					<lines>
						<line hits="1" number="1"/>
						<line hits="1" number="6"/>
						<line hits="1" number="10"/>
						<line hits="1" number="11"/>
						<line hits="1" number="12"/>
						<line hits="1" number="14"/>
						<line hits="1" number="19"/>
						<line hits="1" number="21"/>
						<line hits="0" number="26"/>
						<line hits="1" number="28"/>
						<line hits="0" number="33"/>
						<line hits="1" number="36"/>
						<line hits="1" number="37"/>
					</lines>
				</class>
				<class branch-rate="0" complexity="0" filename="response_event.py" line-rate="0.5556" name="response_event.py">
					<methods/>
					<lines>
						<line hits="1" number="1"/>
						<line hits="1" number="6"/>
						<line hits="0" number="7"/>
						<line hits="0" number="8"/>
						<line hits="0" number="9"/>
						<line hits="0" number="10"/>
						<line hits="1" number="12"/>
						<line hits="0" number="17"/>
						<line hits="1" number="19"/>
						<line hits="0" number="24"/>
						<line hits="1" number="27"/>
						<line hits="0" number="32"/>
						<line hits="1" number="34"/>
						<line hits="0" number="39"/>
						<line hits="1" number="42"/>
						<line hits="1" number="43"/>
						<line hits="1" number="44"/>
						<line hits="1" number="45"/>
					</lines>
				</class>
				<class branch-rate="0" complexity="0" filename="version.py" line-rate="1" name="version.py">
					<methods/>
					<lines>
						<line hits="1" number="1"/>
						<line hits="1" number="4"/>
						<line hits="1" number="5"/>
						<line hits="1" number="6"/>
						<line hits="1" number="8"/>
						<line hits="1" number="9"/>
					</lines>
				</class>
			</classes>
		</package>
		<package branch-rate="0" complexity="0" line-rate="0.8333" name="orchestration_registry">
			<classes>
				<class branch-rate="0" complexity="0" filename="orchestration_registry/__init__.py" line-rate="1" name="__init__.py">
					<methods/>
					<lines/>
				</class>
				<class branch-rate="0" complexity="0" filename="orchestration_registry/chief_specialist.py" line-rate="0.8333" name="chief_specialist.py">
					<methods/>
					<lines>
						<line hits="1" number="1"/>
						<line hits="1" number="2"/>
						<line hits="1" number="4"/>
						<line hits="1" number="5"/>
						<line hits="1" number="6"/>
						<line hits="1" number="8"/>
						<line hits="1" number="9"/>
						<line hits="1" number="11"/>
						<line hits="1" number="13"/>
						<line hits="1" number="15"/>
						<line hits="0" number="18"/>
						<line hits="0" number="20"/>
					</lines>
				</class>
			</classes>
		</package>
		<package branch-rate="0" complexity="0" line-rate="1" name="specialists">
			<classes>
				<class branch-rate="0" complexity="0" filename="specialists/__init__.py" line-rate="1" name="__init__.py">
					<methods/>
					<lines/>
				</class>
			</classes>
		</package>
		<package branch-rate="0" complexity="0" line-rate="0.6429" name="specialists.deviceone">
			<classes>
				<class branch-rate="0" complexity="0" filename="specialists/deviceone/__init__.py" line-rate="0.5" name="__init__.py">
					<methods/>
					<lines>
						<line hits="1" number="1"/>
						<line hits="0" number="2"/>
					</lines>
				</class>
				<class branch-rate="0" complexity="0" filename="specialists/deviceone/executor.py" line-rate="0.6667" name="executor.py">
					<methods/>
					<lines>
						<line hits="1" number="1"/>
						<line hits="1" number="3"/>
						<line hits="1" number="5"/>
						<line hits="1" number="6"/>
						<line hits="1" number="7"/>
						<line hits="1" number="8"/>
						<line hits="1" number="9"/>
						<line hits="1" number="10"/>
						<line hits="0" number="11"/>
						<line hits="0" number="12"/>
						<line hits="0" number="13"/>
						<line hits="0" number="14"/>
					</lines>
				</class>
			</classes>
		</package>
		<package branch-rate="0" complexity="0" line-rate="0.6429" name="specialists.devicetwo">
			<classes>
				<class branch-rate="0" complexity="0" filename="specialists/devicetwo/__init__.py" line-rate="0.5" name="__init__.py">
					<methods/>
					<lines>
						<line hits="1" number="1"/>
						<line hits="0" number="2"/>
					</lines>
				</class>
				<class branch-rate="0" complexity="0" filename="specialists/devicetwo/executor.py" line-rate="0.6667" name="executor.py">
					<methods/>
					<lines>
						<line hits="1" number="1"/>
						<line hits="1" number="2"/>
						<line hits="1" number="4"/>
						<line hits="1" number="5"/>
						<line hits="1" number="6"/>
						<line hits="1" number="7"/>
						<line hits="1" number="8"/>
						<line hits="1" number="9"/>
						<line hits="0" number="10"/>
						<line hits="0" number="11"/>
						<line hits="0" number="12"/>
						<line hits="0" number="13"/>
					</lines>
				</class>
			</classes>
		</package>
	</packages>
</coverage>
