<?xml version="1.0" ?>
<coverage branch-rate="0" branches-covered="0" branches-valid="0" complexity="0" line-rate="0.741" lines-covered="123" lines-valid="166" timestamp="1536820829400" version="4.5.1">
	<!-- Generated by coverage.py: https://coverage.readthedocs.io -->
	<!-- Based on https://raw.githubusercontent.com/cobertura/web/master/htdocs/xml/coverage-04.dtd -->
	<sources>
		<source>/Users/ananda/org/Leapset/projects/cinco/cakedoctor_new/cakedoctor</source>
	</sources>
	<packages>
		<package branch-rate="0" complexity="0" line-rate="0.7607" name=".">
			<classes>
				<class branch-rate="0" complexity="0" filename="__init__.py" line-rate="1" name="__init__.py">
					<methods/>
					<lines/>
				</class>
				<class branch-rate="0" complexity="0" filename="cakedoctor.py" line-rate="1" name="cakedoctor.py">
					<methods/>
					<lines>
						<line hits="1" number="1"/>
						<line hits="1" number="3"/>
						<line hits="1" number="4"/>
						<line hits="1" number="5"/>
						<line hits="1" number="7"/>
						<line hits="1" number="8"/>
						<line hits="1" number="10"/>
						<line hits="1" number="11"/>
						<line hits="1" number="12"/>
						<line hits="1" number="13"/>
						<line hits="1" number="15"/>
						<line hits="1" number="17"/>
						<line hits="1" number="22"/>
						<line hits="1" number="26"/>
						<line hits="1" number="28"/>
						<line hits="1" number="29"/>
						<line hits="1" number="31"/>
						<line hits="1" number="33"/>
						<line hits="1" number="35"/>
						<line hits="1" number="43"/>
						<line hits="1" number="44"/>
					</lines>
				</class>
				<class branch-rate="0" complexity="0" filename="cakedoctor_listener.py" line-rate="0.6" name="cakedoctor_listener.py">
					<methods/>
					<lines>
						<line hits="1" number="1"/>
						<line hits="1" number="2"/>
						<line hits="0" number="3"/>
						<line hits="1" number="5"/>
						<line hits="0" number="6"/>
					</lines>
				</class>
				<class branch-rate="0" complexity="0" filename="event.py" line-rate="0.6444" name="event.py">
					<methods/>
					<lines>
						<line hits="1" number="7"/>
						<line hits="1" number="9"/>
						<line hits="1" number="14"/>
						<line hits="0" number="18"/>
						<line hits="0" number="19"/>
						<line hits="1" number="21"/>
						<line hits="0" number="26"/>
						<line hits="1" number="28"/>
						<line hits="0" number="33"/>
						<line hits="1" number="36"/>
						<line hits="1" number="41"/>
						<line hits="1" number="42"/>
						<line hits="1" number="44"/>
						<line hits="0" number="48"/>
						<line hits="1" number="50"/>
						<line hits="1" number="55"/>
						<line hits="0" number="56"/>
						<line hits="1" number="58"/>
						<line hits="1" number="60"/>
						<line hits="0" number="65"/>
						<line hits="0" number="66"/>
						<line hits="0" number="68"/>
						<line hits="0" number="69"/>
						<line hits="1" number="71"/>
						<line hits="1" number="76"/>
						<line hits="1" number="77"/>
						<line hits="1" number="80"/>
						<line hits="1" number="81"/>
						<line hits="1" number="83"/>
						<line hits="1" number="85"/>
						<line hits="1" number="86"/>
						<line hits="1" number="87"/>
						<line hits="1" number="88"/>
						<line hits="1" number="90"/>
						<line hits="0" number="95"/>
						<line hits="0" number="96"/>
						<line hits="0" number="98"/>
						<line hits="0" number="100"/>
						<line hits="0" number="104"/>
						<line hits="0" number="106"/>
						<line hits="1" number="117"/>
						<line hits="1" number="124"/>
						<line hits="1" number="125"/>
						<line hits="1" number="129"/>
						<line hits="1" number="131"/>
					</lines>
				</class>
				<class branch-rate="0" complexity="0" filename="operation.py" line-rate="0.8462" name="operation.py">
					<methods/>
					<lines>
						<line hits="1" number="1"/>
						<line hits="1" number="6"/>
						<line hits="1" number="10"/>
						<line hits="1" number="11"/>
						<line hits="1" number="12"/>
						<line hits="1" number="14"/>
						<line hits="1" number="19"/>
						<line hits="1" number="21"/>
						<line hits="0" number="26"/>
						<line hits="1" number="28"/>
						<line hits="0" number="33"/>
						<line hits="1" number="36"/>
						<line hits="1" number="37"/>
					</lines>
				</class>
				<class branch-rate="0" complexity="0" filename="response_event.py" line-rate="0.5556" name="response_event.py">
					<methods/>
					<lines>
						<line hits="1" number="1"/>
						<line hits="1" number="6"/>
						<line hits="0" number="7"/>
						<line hits="0" number="8"/>
						<line hits="0" number="9"/>
						<line hits="0" number="10"/>
						<line hits="1" number="12"/>
						<line hits="0" number="17"/>
						<line hits="1" number="19"/>
						<line hits="0" number="24"/>
						<line hits="1" number="27"/>
						<line hits="0" number="32"/>
						<line hits="1" number="34"/>
						<line hits="0" number="39"/>
						<line hits="1" number="42"/>
						<line hits="1" number="43"/>
						<line hits="1" number="44"/>
						<line hits="1" number="45"/>
					</lines>
				</class>
				<class branch-rate="0" complexity="0" filename="test_sample_code.py" line-rate="1" name="test_sample_code.py">
					<methods/>
					<lines>
						<line hits="1" number="1"/>
						<line hits="1" number="3"/>
						<line hits="1" number="4"/>
						<line hits="1" number="5"/>
						<line hits="1" number="6"/>
						<line hits="1" number="8"/>
						<line hits="1" number="9"/>
						<line hits="1" number="10"/>
						<line hits="1" number="11"/>
					</lines>
				</class>
				<class branch-rate="0" complexity="0" filename="version.py" line-rate="1" name="version.py">
					<methods/>
					<lines>
						<line hits="1" number="1"/>
						<line hits="1" number="4"/>
						<line hits="1" number="5"/>
						<line hits="1" number="6"/>
						<line hits="1" number="8"/>
						<line hits="1" number="9"/>
					</lines>
				</class>
			</classes>
		</package>
		<package branch-rate="0" complexity="0" line-rate="0.7619" name="orchestration_registry">
			<classes>
				<class branch-rate="0" complexity="0" filename="orchestration_registry/__init__.py" line-rate="1" name="__init__.py">
					<methods/>
					<lines/>
				</class>
				<class branch-rate="0" complexity="0" filename="orchestration_registry/chief_specialist.py" line-rate="0.8333" name="chief_specialist.py">
					<methods/>
					<lines>
						<line hits="1" number="1"/>
						<line hits="1" number="2"/>
						<line hits="1" number="4"/>
						<line hits="1" number="5"/>
						<line hits="1" number="6"/>
						<line hits="1" number="8"/>
						<line hits="1" number="9"/>
						<line hits="1" number="11"/>
						<line hits="1" number="13"/>
						<line hits="1" number="15"/>
						<line hits="0" number="18"/>
						<line hits="0" number="20"/>
					</lines>
				</class>
				<class branch-rate="0" complexity="0" filename="orchestration_registry/registry.py" line-rate="0.6667" name="registry.py">
					<methods/>
					<lines>
						<line hits="1" number="1"/>
						<line hits="1" number="3"/>
						<line hits="1" number="4"/>
						<line hits="1" number="6"/>
						<line hits="1" number="10"/>
						<line hits="0" number="12"/>
						<line hits="0" number="15"/>
						<line hits="1" number="19"/>
						<line hits="0" number="23"/>
					</lines>
				</class>
			</classes>
		</package>
		<package branch-rate="0" complexity="0" line-rate="1" name="specialists">
			<classes>
				<class branch-rate="0" complexity="0" filename="specialists/__init__.py" line-rate="1" name="__init__.py">
					<methods/>
					<lines/>
				</class>
			</classes>
		</package>
		<package branch-rate="0" complexity="0" line-rate="0.6429" name="specialists.payment_cube">
			<classes>
				<class branch-rate="0" complexity="0" filename="specialists/payment_cube/__init__.py" line-rate="0.5" name="__init__.py">
					<methods/>
					<lines>
						<line hits="1" number="1"/>
						<line hits="0" number="2"/>
					</lines>
				</class>
				<class branch-rate="0" complexity="0" filename="specialists/payment_cube/executor.py" line-rate="0.6667" name="executor.py">
					<methods/>
					<lines>
						<line hits="1" number="1"/>
						<line hits="1" number="3"/>
						<line hits="1" number="5"/>
						<line hits="1" number="6"/>
						<line hits="1" number="7"/>
						<line hits="1" number="8"/>
						<line hits="1" number="9"/>
						<line hits="1" number="10"/>
						<line hits="0" number="11"/>
						<line hits="0" number="12"/>
						<line hits="0" number="13"/>
						<line hits="0" number="14"/>
					</lines>
				</class>
			</classes>
		</package>
		<package branch-rate="0" complexity="0" line-rate="0.6429" name="specialists.touch">
			<classes>
				<class branch-rate="0" complexity="0" filename="specialists/touch/__init__.py" line-rate="0.5" name="__init__.py">
					<methods/>
					<lines>
						<line hits="1" number="1"/>
						<line hits="0" number="2"/>
					</lines>
				</class>
				<class branch-rate="0" complexity="0" filename="specialists/touch/executor.py" line-rate="0.6667" name="executor.py">
					<methods/>
					<lines>
						<line hits="1" number="1"/>
						<line hits="1" number="2"/>
						<line hits="1" number="4"/>
						<line hits="1" number="5"/>
						<line hits="1" number="6"/>
						<line hits="1" number="7"/>
						<line hits="1" number="8"/>
						<line hits="1" number="9"/>
						<line hits="0" number="10"/>
						<line hits="0" number="11"/>
						<line hits="0" number="12"/>
						<line hits="0" number="13"/>
					</lines>
				</class>
			</classes>
		</package>
	</packages>
</coverage>
